2025-04-06 05:39:12.393 [info] Extension host with pid 6147 started
2025-04-06 05:39:12.393 [error] Error: listen EACCES: permission denied /run/user/1000/vscode-ipc-a27d5d00-caa5-4352-8947-386a70b4015c.sock
    at Server.setupListenHandle [as _listen2] (node:net:1886:21)
    at listenInCluster (node:net:1965:12)
    at Server.listen (node:net:2084:5)
    at Oy.g (file:///home/ubuntu/.vscode-server/bin/4437686ffebaf200fa4a6e6e67f735f3edf24ada/out/vs/workbench/api/node/extensionHostProcess.js:175:27835)
    at new WW (file:///home/ubuntu/.vscode-server/bin/4437686ffebaf200fa4a6e6e67f735f3edf24ada/out/vs/workbench/api/node/extensionHostProcess.js:175:27750)
    at new Oy (file:///home/ubuntu/.vscode-server/bin/4437686ffebaf200fa4a6e6e67f735f3edf24ada/out/vs/workbench/api/node/extensionHostProcess.js:175:29790)
    at a4.o (file:///home/ubuntu/.vscode-server/bin/4437686ffebaf200fa4a6e6e67f735f3edf24ada/out/vs/workbench/api/node/extensionHostProcess.js:37:1582)
    at a4.createInstance (file:///home/ubuntu/.vscode-server/bin/4437686ffebaf200fa4a6e6e67f735f3edf24ada/out/vs/workbench/api/node/extensionHostProcess.js:37:1079)
    at vV.vb (file:///home/ubuntu/.vscode-server/bin/4437686ffebaf200fa4a6e6e67f735f3edf24ada/out/vs/workbench/api/node/extensionHostProcess.js:183:23014)
    at vV.initialize (file:///home/ubuntu/.vscode-server/bin/4437686ffebaf200fa4a6e6e67f735f3edf24ada/out/vs/workbench/api/node/extensionHostProcess.js:115:9582)
    at new oP (file:///home/ubuntu/.vscode-server/bin/4437686ffebaf200fa4a6e6e67f735f3edf24ada/out/vs/workbench/api/node/extensionHostProcess.js:116:1243)
    at Tq (file:///home/ubuntu/.vscode-server/bin/4437686ffebaf200fa4a6e6e67f735f3edf24ada/out/vs/workbench/api/node/extensionHostProcess.js:197:5668)
    at process.processTicksAndRejections (node:internal/process/task_queues:95:5)
2025-04-06 05:39:12.432 [info] ExtensionService#_doActivateExtension vscode.emmet, startup: false, activationEvent: 'onLanguage'
2025-04-06 05:39:12.495 [info] ExtensionService#_doActivateExtension vscode.git-base, startup: true, activationEvent: '*', root cause: vscode.git
2025-04-06 05:39:12.508 [info] ExtensionService#_doActivateExtension vscode.git, startup: true, activationEvent: '*'
2025-04-06 05:39:12.509 [info] ExtensionService#_doActivateExtension vscode.github, startup: true, activationEvent: '*'
2025-04-06 05:39:12.659 [info] Eager extensions activated
2025-04-06 05:39:12.660 [info] ExtensionService#_doActivateExtension vscode.debug-auto-launch, startup: false, activationEvent: 'onStartupFinished'
2025-04-06 05:39:12.661 [info] ExtensionService#_doActivateExtension vscode.merge-conflict, startup: false, activationEvent: 'onStartupFinished'
2025-04-06 05:39:12.727 [info] ExtensionService#_doActivateExtension GitHub.vscode-pull-request-github, startup: false, activationEvent: 'onStartupFinished'
2025-04-06 05:39:18.791 [info] ExtensionService#_doActivateExtension vscode.npm, startup: false, activationEvent: 'onTerminalQuickFixRequest:ms-vscode.npm-command'
