0 verbose cli [ '/usr/bin/node', '/usr/bin/npm', 'install' ]
1 info using npm@8.5.1
2 info using node@v12.22.9
3 timing npm:load:whichnode Completed in 1ms
4 timing config:load:defaults Completed in 2ms
5 timing config:load:file:/usr/share/nodejs/npm/npmrc Completed in 5ms
6 timing config:load:builtin Completed in 5ms
7 timing config:load:cli Completed in 1ms
8 timing config:load:env Completed in 0ms
9 timing config:load:file:/home/ubuntu/nodejs-demo-app/.npmrc Completed in 0ms
10 timing config:load:project Completed in 3ms
11 timing config:load:file:/home/ubuntu/.npmrc Completed in 0ms
12 timing config:load:user Completed in 0ms
13 timing config:load:file:/etc/npmrc Completed in 1ms
14 timing config:load:global Completed in 1ms
15 timing config:load:validate Completed in 0ms
16 timing config:load:credentials Completed in 3ms
17 timing config:load:setEnvs Completed in 1ms
18 timing config:load Completed in 17ms
19 timing npm:load:configload Completed in 17ms
20 timing npm:load:setTitle Completed in 0ms
21 timing config:load:flatten Completed in 4ms
22 timing npm:load:display Completed in 6ms
23 verbose logfile /home/ubuntu/.npm/_logs/2025-04-07T08_48_33_459Z-debug-0.log
24 timing npm:load:logFile Completed in 8ms
25 timing npm:load:timers Completed in 1ms
26 timing npm:load:configScope Completed in 0ms
27 timing npm:load Completed in 33ms
28 timing arborist:ctor Completed in 1ms
29 timing arborist:ctor Completed in 1ms
30 timing idealTree:init Completed in 15ms
31 timing idealTree:userRequests Completed in 0ms
32 silly idealTree buildDeps
33 silly fetch manifest express@^4.17.1
34 http fetch GET 200 https://registry.npmjs.org/express 906ms (cache miss)
35 silly placeDep ROOT express@4.21.2 OK for: nodejs-demo-app@1.0.0 want: ^4.17.1
36 silly fetch manifest qs@6.13.0
37 silly fetch manifest depd@2.0.0
38 silly fetch manifest etag@~1.8.1
39 silly fetch manifest send@0.19.0
40 silly fetch manifest vary@~1.1.2
41 silly fetch manifest debug@2.6.9
42 silly fetch manifest fresh@0.5.2
43 silly fetch manifest cookie@0.7.1
44 silly fetch manifest accepts@~1.3.8
45 silly fetch manifest methods@~1.1.2
46 silly fetch manifest type-is@~1.6.18
47 silly fetch manifest parseurl@~1.3.3
48 silly fetch manifest statuses@2.0.1
49 silly fetch manifest encodeurl@~2.0.0
50 silly fetch manifest proxy-addr@~2.0.7
51 silly fetch manifest body-parser@1.20.3
52 silly fetch manifest escape-html@~1.0.3
53 silly fetch manifest http-errors@2.0.0
54 silly fetch manifest on-finished@2.4.1
55 silly fetch manifest safe-buffer@5.2.1
56 silly fetch manifest utils-merge@1.0.1
57 silly fetch manifest content-type@~1.0.4
58 silly fetch manifest finalhandler@1.3.1
59 silly fetch manifest range-parser@~1.2.1
60 silly fetch manifest serve-static@1.16.2
61 silly fetch manifest array-flatten@1.1.1
62 silly fetch manifest path-to-regexp@0.1.12
63 silly fetch manifest setprototypeof@1.2.0
64 silly fetch manifest cookie-signature@1.0.6
65 silly fetch manifest merge-descriptors@1.0.3
66 silly fetch manifest content-disposition@0.5.4
67 http fetch GET 200 https://registry.npmjs.org/qs 197ms (cache miss)
68 http fetch GET 200 https://registry.npmjs.org/body-parser 263ms (cache miss)
69 http fetch GET 200 https://registry.npmjs.org/vary 336ms (cache miss)
70 http fetch GET 200 https://registry.npmjs.org/accepts 368ms (cache miss)
71 http fetch GET 200 https://registry.npmjs.org/send 417ms (cache miss)
72 http fetch GET 200 https://registry.npmjs.org/debug 449ms (cache miss)
73 http fetch GET 200 https://registry.npmjs.org/escape-html 433ms (cache miss)
74 http fetch GET 200 https://registry.npmjs.org/methods 449ms (cache miss)
75 http fetch GET 200 https://registry.npmjs.org/encodeurl 442ms (cache miss)
76 http fetch GET 200 https://registry.npmjs.org/fresh 457ms (cache miss)
77 http fetch GET 200 https://registry.npmjs.org/etag 466ms (cache miss)
78 http fetch GET 200 https://registry.npmjs.org/depd 470ms (cache miss)
79 http fetch GET 200 https://registry.npmjs.org/parseurl 447ms (cache miss)
80 http fetch GET 200 https://registry.npmjs.org/cookie 460ms (cache miss)
81 http fetch GET 200 https://registry.npmjs.org/proxy-addr 448ms (cache miss)
82 http fetch GET 200 https://registry.npmjs.org/type-is 456ms (cache miss)
83 http fetch GET 200 https://registry.npmjs.org/statuses 452ms (cache miss)
84 http fetch GET 200 https://registry.npmjs.org/http-errors 453ms (cache miss)
85 http fetch GET 200 https://registry.npmjs.org/on-finished 477ms (cache miss)
86 http fetch GET 200 https://registry.npmjs.org/utils-merge 491ms (cache miss)
87 http fetch GET 200 https://registry.npmjs.org/safe-buffer 507ms (cache miss)
88 http fetch GET 200 https://registry.npmjs.org/finalhandler 503ms (cache miss)
89 http fetch GET 200 https://registry.npmjs.org/content-type 511ms (cache miss)
90 http fetch GET 200 https://registry.npmjs.org/range-parser 510ms (cache miss)
91 http fetch GET 200 https://registry.npmjs.org/serve-static 517ms (cache miss)
92 http fetch GET 200 https://registry.npmjs.org/path-to-regexp 516ms (cache miss)
93 http fetch GET 200 https://registry.npmjs.org/merge-descriptors 515ms (cache miss)
94 http fetch GET 200 https://registry.npmjs.org/array-flatten 520ms (cache miss)
95 http fetch GET 200 https://registry.npmjs.org/content-disposition 515ms (cache miss)
96 http fetch GET 200 https://registry.npmjs.org/cookie-signature 520ms (cache miss)
97 http fetch GET 200 https://registry.npmjs.org/setprototypeof 523ms (cache miss)
98 timing idealTree:#root Completed in 1508ms
99 silly placeDep ROOT accepts@1.3.8 OK for: express@4.21.2 want: ~1.3.8
100 silly placeDep ROOT array-flatten@1.1.1 OK for: express@4.21.2 want: 1.1.1
101 silly placeDep ROOT body-parser@1.20.3 OK for: express@4.21.2 want: 1.20.3
102 silly placeDep ROOT content-disposition@0.5.4 OK for: express@4.21.2 want: 0.5.4
103 silly placeDep ROOT content-type@1.0.5 OK for: express@4.21.2 want: ~1.0.4
104 silly placeDep ROOT cookie@0.7.1 OK for: express@4.21.2 want: 0.7.1
105 silly placeDep ROOT cookie-signature@1.0.6 OK for: express@4.21.2 want: 1.0.6
106 silly placeDep ROOT debug@2.6.9 OK for: express@4.21.2 want: 2.6.9
107 silly placeDep ROOT depd@2.0.0 OK for: express@4.21.2 want: 2.0.0
108 silly placeDep ROOT encodeurl@2.0.0 OK for: express@4.21.2 want: ~2.0.0
109 silly placeDep ROOT escape-html@1.0.3 OK for: express@4.21.2 want: ~1.0.3
110 silly placeDep ROOT etag@1.8.1 OK for: express@4.21.2 want: ~1.8.1
111 silly placeDep ROOT finalhandler@1.3.1 OK for: express@4.21.2 want: 1.3.1
112 silly placeDep ROOT fresh@0.5.2 OK for: express@4.21.2 want: 0.5.2
113 silly placeDep ROOT http-errors@2.0.0 OK for: express@4.21.2 want: 2.0.0
114 silly placeDep ROOT merge-descriptors@1.0.3 OK for: express@4.21.2 want: 1.0.3
115 silly placeDep ROOT methods@1.1.2 OK for: express@4.21.2 want: ~1.1.2
116 silly placeDep ROOT on-finished@2.4.1 OK for: express@4.21.2 want: 2.4.1
117 silly placeDep ROOT parseurl@1.3.3 OK for: express@4.21.2 want: ~1.3.3
118 silly placeDep ROOT path-to-regexp@0.1.12 OK for: express@4.21.2 want: 0.1.12
119 silly placeDep ROOT proxy-addr@2.0.7 OK for: express@4.21.2 want: ~2.0.7
120 silly placeDep ROOT qs@6.13.0 OK for: express@4.21.2 want: 6.13.0
121 silly placeDep ROOT range-parser@1.2.1 OK for: express@4.21.2 want: ~1.2.1
122 silly placeDep ROOT safe-buffer@5.2.1 OK for: express@4.21.2 want: 5.2.1
123 silly placeDep ROOT send@0.19.0 OK for: express@4.21.2 want: 0.19.0
124 silly placeDep ROOT serve-static@1.16.2 OK for: express@4.21.2 want: 1.16.2
125 silly placeDep ROOT setprototypeof@1.2.0 OK for: express@4.21.2 want: 1.2.0
126 silly placeDep ROOT statuses@2.0.1 OK for: express@4.21.2 want: 2.0.1
127 silly placeDep ROOT type-is@1.6.18 OK for: express@4.21.2 want: ~1.6.18
128 silly placeDep ROOT utils-merge@1.0.1 OK for: express@4.21.2 want: 1.0.1
129 silly placeDep ROOT vary@1.1.2 OK for: express@4.21.2 want: ~1.1.2
130 silly fetch manifest mime-types@~2.1.34
131 silly fetch manifest negotiator@0.6.3
132 silly fetch manifest bytes@3.1.2
133 silly fetch manifest unpipe@1.0.0
134 silly fetch manifest destroy@1.2.0
135 silly fetch manifest raw-body@2.5.2
136 silly fetch manifest iconv-lite@0.4.24
137 silly fetch manifest ms@2.0.0
138 silly fetch manifest unpipe@~1.0.0
139 silly fetch manifest inherits@2.0.4
140 silly fetch manifest toidentifier@1.0.1
141 silly fetch manifest ee-first@1.1.1
142 silly fetch manifest forwarded@0.2.0
143 silly fetch manifest ipaddr.js@1.9.1
144 silly fetch manifest side-channel@^1.0.6
145 silly fetch manifest ms@2.1.3
146 silly fetch manifest mime@1.6.0
147 silly fetch manifest encodeurl@~1.0.2
148 silly fetch manifest mime-types@~2.1.24
149 silly fetch manifest media-typer@0.3.0
150 http fetch GET 200 https://registry.npmjs.org/mime-types 132ms (cache miss)
151 http fetch GET 200 https://registry.npmjs.org/bytes 172ms (cache miss)
152 http fetch GET 200 https://registry.npmjs.org/toidentifier 179ms (cache miss)
153 http fetch GET 200 https://registry.npmjs.org/forwarded 180ms (cache miss)
154 http fetch GET 200 https://registry.npmjs.org/ms 184ms (cache miss)
155 http fetch GET 200 https://registry.npmjs.org/negotiator 190ms (cache miss)
156 http fetch GET 200 https://registry.npmjs.org/destroy 187ms (cache miss)
157 http fetch GET 200 https://registry.npmjs.org/inherits 186ms (cache miss)
158 http fetch GET 200 https://registry.npmjs.org/ipaddr.js 185ms (cache miss)
159 http fetch GET 200 https://registry.npmjs.org/side-channel 185ms (cache miss)
160 http fetch GET 200 https://registry.npmjs.org/ee-first 187ms (cache miss)
161 http fetch GET 200 https://registry.npmjs.org/iconv-lite 192ms (cache miss)
162 http fetch GET 200 https://registry.npmjs.org/raw-body 193ms (cache miss)
163 http fetch GET 200 https://registry.npmjs.org/mime 189ms (cache miss)
164 http fetch GET 200 https://registry.npmjs.org/media-typer 190ms (cache miss)
165 http fetch GET 200 https://registry.npmjs.org/unpipe 1067ms (cache miss)
166 timing idealTree:node_modules/express Completed in 1126ms
167 silly placeDep ROOT mime-types@2.1.35 OK for: accepts@1.3.8 want: ~2.1.34
168 silly placeDep ROOT negotiator@0.6.3 OK for: accepts@1.3.8 want: 0.6.3
169 silly fetch manifest mime-db@1.52.0
170 http fetch GET 200 https://registry.npmjs.org/mime-db 120ms (cache miss)
171 timing idealTree:node_modules/accepts Completed in 123ms
172 timing idealTree:node_modules/array-flatten Completed in 1ms
173 silly placeDep ROOT bytes@3.1.2 OK for: body-parser@1.20.3 want: 3.1.2
174 silly placeDep ROOT destroy@1.2.0 OK for: body-parser@1.20.3 want: 1.2.0
175 silly placeDep ROOT iconv-lite@0.4.24 OK for: body-parser@1.20.3 want: 0.4.24
176 silly placeDep ROOT raw-body@2.5.2 OK for: body-parser@1.20.3 want: 2.5.2
177 silly placeDep ROOT unpipe@1.0.0 OK for: body-parser@1.20.3 want: 1.0.0
178 silly fetch manifest safer-buffer@>= 2.1.2 < 3
179 http fetch GET 200 https://registry.npmjs.org/safer-buffer 118ms (cache miss)
180 timing idealTree:node_modules/body-parser Completed in 128ms
181 timing idealTree:node_modules/bytes Completed in 0ms
182 timing idealTree:node_modules/content-disposition Completed in 0ms
183 timing idealTree:node_modules/content-type Completed in 0ms
184 timing idealTree:node_modules/cookie Completed in 0ms
185 timing idealTree:node_modules/cookie-signature Completed in 0ms
186 silly placeDep ROOT ms@2.0.0 OK for: debug@2.6.9 want: 2.0.0
187 timing idealTree:node_modules/debug Completed in 1ms
188 timing idealTree:node_modules/depd Completed in 0ms
189 timing idealTree:node_modules/destroy Completed in 0ms
190 timing idealTree:node_modules/encodeurl Completed in 0ms
191 timing idealTree:node_modules/escape-html Completed in 0ms
192 timing idealTree:node_modules/etag Completed in 0ms
193 timing idealTree:node_modules/finalhandler Completed in 0ms
194 timing idealTree:node_modules/fresh Completed in 0ms
195 silly placeDep ROOT inherits@2.0.4 OK for: http-errors@2.0.0 want: 2.0.4
196 silly placeDep ROOT toidentifier@1.0.1 OK for: http-errors@2.0.0 want: 1.0.1
197 timing idealTree:node_modules/http-errors Completed in 2ms
198 silly placeDep ROOT safer-buffer@2.1.2 OK for: iconv-lite@0.4.24 want: >= 2.1.2 < 3
199 timing idealTree:node_modules/iconv-lite Completed in 0ms
200 timing idealTree:node_modules/inherits Completed in 0ms
201 timing idealTree:node_modules/merge-descriptors Completed in 0ms
202 timing idealTree:node_modules/methods Completed in 0ms
203 silly placeDep ROOT mime-db@1.52.0 OK for: mime-types@2.1.35 want: 1.52.0
204 timing idealTree:node_modules/mime-types Completed in 2ms
205 timing idealTree:node_modules/mime-db Completed in 0ms
206 timing idealTree:node_modules/ms Completed in 0ms
207 timing idealTree:node_modules/negotiator Completed in 0ms
208 silly placeDep ROOT ee-first@1.1.1 OK for: on-finished@2.4.1 want: 1.1.1
209 timing idealTree:node_modules/on-finished Completed in 1ms
210 timing idealTree:node_modules/ee-first Completed in 0ms
211 timing idealTree:node_modules/parseurl Completed in 0ms
212 timing idealTree:node_modules/path-to-regexp Completed in 0ms
213 silly placeDep ROOT forwarded@0.2.0 OK for: proxy-addr@2.0.7 want: 0.2.0
214 silly placeDep ROOT ipaddr.js@1.9.1 OK for: proxy-addr@2.0.7 want: 1.9.1
215 timing idealTree:node_modules/proxy-addr Completed in 1ms
216 timing idealTree:node_modules/forwarded Completed in 0ms
217 timing idealTree:node_modules/ipaddr.js Completed in 0ms
218 silly placeDep ROOT side-channel@1.1.0 OK for: qs@6.13.0 want: ^1.0.6
219 silly fetch manifest es-errors@^1.3.0
220 silly fetch manifest object-inspect@^1.13.3
221 silly fetch manifest side-channel-list@^1.0.0
222 silly fetch manifest side-channel-map@^1.0.1
223 silly fetch manifest side-channel-weakmap@^1.0.2
224 http fetch GET 200 https://registry.npmjs.org/side-channel-weakmap 121ms (cache miss)
225 http fetch GET 200 https://registry.npmjs.org/es-errors 126ms (cache miss)
226 http fetch GET 200 https://registry.npmjs.org/side-channel-list 128ms (cache miss)
227 http fetch GET 200 https://registry.npmjs.org/side-channel-map 127ms (cache miss)
228 http fetch GET 200 https://registry.npmjs.org/object-inspect 131ms (cache miss)
229 timing idealTree:node_modules/qs Completed in 135ms
230 timing idealTree:node_modules/range-parser Completed in 0ms
231 timing idealTree:node_modules/raw-body Completed in 0ms
232 timing idealTree:node_modules/safe-buffer Completed in 0ms
233 timing idealTree:node_modules/safer-buffer Completed in 0ms
234 silly placeDep node_modules/send encodeurl@1.0.2 OK for: send@0.19.0 want: ~1.0.2
235 silly placeDep ROOT mime@1.6.0 OK for: send@0.19.0 want: 1.6.0
236 silly placeDep node_modules/send ms@2.1.3 OK for: send@0.19.0 want: 2.1.3
237 timing idealTree:node_modules/send Completed in 5ms
238 timing idealTree:node_modules/mime Completed in 0ms
239 timing idealTree:node_modules/serve-static Completed in 0ms
240 timing idealTree:node_modules/setprototypeof Completed in 0ms
241 silly placeDep ROOT es-errors@1.3.0 OK for: side-channel@1.1.0 want: ^1.3.0
242 silly placeDep ROOT object-inspect@1.13.4 OK for: side-channel@1.1.0 want: ^1.13.3
243 silly placeDep ROOT side-channel-list@1.0.0 OK for: side-channel@1.1.0 want: ^1.0.0
244 silly placeDep ROOT side-channel-map@1.0.1 OK for: side-channel@1.1.0 want: ^1.0.1
245 silly placeDep ROOT side-channel-weakmap@1.0.2 OK for: side-channel@1.1.0 want: ^1.0.2
246 silly fetch manifest call-bound@^1.0.2
247 silly fetch manifest get-intrinsic@^1.2.5
248 http fetch GET 200 https://registry.npmjs.org/get-intrinsic 107ms (cache miss)
249 http fetch GET 200 https://registry.npmjs.org/call-bound 118ms (cache miss)
250 timing idealTree:node_modules/side-channel Completed in 123ms
251 timing idealTree:node_modules/es-errors Completed in 0ms
252 timing idealTree:node_modules/object-inspect Completed in 0ms
253 timing idealTree:node_modules/side-channel-list Completed in 0ms
254 silly placeDep ROOT call-bound@1.0.4 OK for: side-channel-map@1.0.1 want: ^1.0.2
255 silly placeDep ROOT get-intrinsic@1.3.0 OK for: side-channel-map@1.0.1 want: ^1.2.5
256 silly fetch manifest call-bind-apply-helpers@^1.0.2
257 silly fetch manifest es-define-property@^1.0.1
258 silly fetch manifest es-object-atoms@^1.1.1
259 silly fetch manifest function-bind@^1.1.2
260 silly fetch manifest get-proto@^1.0.1
261 silly fetch manifest gopd@^1.2.0
262 silly fetch manifest has-symbols@^1.1.0
263 silly fetch manifest hasown@^2.0.2
264 silly fetch manifest math-intrinsics@^1.1.0
265 http fetch GET 200 https://registry.npmjs.org/es-object-atoms 129ms (cache miss)
266 http fetch GET 200 https://registry.npmjs.org/gopd 129ms (cache miss)
267 http fetch GET 200 https://registry.npmjs.org/get-proto 132ms (cache miss)
268 http fetch GET 200 https://registry.npmjs.org/math-intrinsics 126ms (cache miss)
269 http fetch GET 200 https://registry.npmjs.org/has-symbols 129ms (cache miss)
270 http fetch GET 200 https://registry.npmjs.org/call-bind-apply-helpers 136ms (cache miss)
271 http fetch GET 200 https://registry.npmjs.org/hasown 129ms (cache miss)
272 http fetch GET 200 https://registry.npmjs.org/es-define-property 137ms (cache miss)
273 http fetch GET 200 https://registry.npmjs.org/function-bind 135ms (cache miss)
274 timing idealTree:node_modules/side-channel-map Completed in 141ms
275 silly placeDep ROOT call-bind-apply-helpers@1.0.2 OK for: call-bound@1.0.4 want: ^1.0.2
276 timing idealTree:node_modules/call-bound Completed in 1ms
277 silly placeDep ROOT function-bind@1.1.2 OK for: call-bind-apply-helpers@1.0.2 want: ^1.1.2
278 timing idealTree:node_modules/call-bind-apply-helpers Completed in 1ms
279 timing idealTree:node_modules/function-bind Completed in 0ms
280 silly placeDep ROOT es-define-property@1.0.1 OK for: get-intrinsic@1.3.0 want: ^1.0.1
281 silly placeDep ROOT es-object-atoms@1.1.1 OK for: get-intrinsic@1.3.0 want: ^1.1.1
282 silly placeDep ROOT get-proto@1.0.1 OK for: get-intrinsic@1.3.0 want: ^1.0.1
283 silly placeDep ROOT gopd@1.2.0 OK for: get-intrinsic@1.3.0 want: ^1.2.0
284 silly placeDep ROOT has-symbols@1.1.0 OK for: get-intrinsic@1.3.0 want: ^1.1.0
285 silly placeDep ROOT hasown@2.0.2 OK for: get-intrinsic@1.3.0 want: ^2.0.2
286 silly placeDep ROOT math-intrinsics@1.1.0 OK for: get-intrinsic@1.3.0 want: ^1.1.0
287 silly fetch manifest dunder-proto@^1.0.1
288 http fetch GET 200 https://registry.npmjs.org/dunder-proto 114ms (cache miss)
289 timing idealTree:node_modules/get-intrinsic Completed in 121ms
290 timing idealTree:node_modules/es-define-property Completed in 0ms
291 timing idealTree:node_modules/es-object-atoms Completed in 1ms
292 silly placeDep ROOT dunder-proto@1.0.1 OK for: get-proto@1.0.1 want: ^1.0.1
293 timing idealTree:node_modules/get-proto Completed in 1ms
294 timing idealTree:node_modules/dunder-proto Completed in 0ms
295 timing idealTree:node_modules/gopd Completed in 0ms
296 timing idealTree:node_modules/has-symbols Completed in 0ms
297 timing idealTree:node_modules/hasown Completed in 0ms
298 timing idealTree:node_modules/math-intrinsics Completed in 0ms
299 timing idealTree:node_modules/side-channel-weakmap Completed in 0ms
300 timing idealTree:node_modules/statuses Completed in 0ms
301 timing idealTree:node_modules/toidentifier Completed in 0ms
302 silly placeDep ROOT media-typer@0.3.0 OK for: type-is@1.6.18 want: 0.3.0
303 timing idealTree:node_modules/type-is Completed in 1ms
304 timing idealTree:node_modules/media-typer Completed in 0ms
305 timing idealTree:node_modules/unpipe Completed in 0ms
306 timing idealTree:node_modules/utils-merge Completed in 0ms
307 timing idealTree:node_modules/vary Completed in 0ms
308 timing idealTree:node_modules/send/node_modules/encodeurl Completed in 0ms
309 timing idealTree:node_modules/send/node_modules/ms Completed in 0ms
310 timing idealTree:buildDeps Completed in 3430ms
311 timing idealTree:fixDepFlags Completed in 5ms
312 timing idealTree Completed in 3453ms
313 timing reify:loadTrees Completed in 3455ms
314 timing reify:diffTrees Completed in 1ms
315 silly reify moves {}
316 timing reify:retireShallow Completed in 1ms
317 timing reify:createSparse Completed in 28ms
318 timing reify:loadBundles Completed in 0ms
319 silly audit bulk request {
319 silly audit   express: [ '4.21.2' ],
319 silly audit   accepts: [ '1.3.8' ],
319 silly audit   'array-flatten': [ '1.1.1' ],
319 silly audit   'body-parser': [ '1.20.3' ],
319 silly audit   'content-disposition': [ '0.5.4' ],
319 silly audit   'content-type': [ '1.0.5' ],
319 silly audit   cookie: [ '0.7.1' ],
319 silly audit   'cookie-signature': [ '1.0.6' ],
319 silly audit   debug: [ '2.6.9' ],
319 silly audit   depd: [ '2.0.0' ],
319 silly audit   encodeurl: [ '2.0.0', '1.0.2' ],
319 silly audit   'escape-html': [ '1.0.3' ],
319 silly audit   etag: [ '1.8.1' ],
319 silly audit   finalhandler: [ '1.3.1' ],
319 silly audit   fresh: [ '0.5.2' ],
319 silly audit   'http-errors': [ '2.0.0' ],
319 silly audit   'merge-descriptors': [ '1.0.3' ],
319 silly audit   methods: [ '1.1.2' ],
319 silly audit   'on-finished': [ '2.4.1' ],
319 silly audit   parseurl: [ '1.3.3' ],
319 silly audit   'path-to-regexp': [ '0.1.12' ],
319 silly audit   'proxy-addr': [ '2.0.7' ],
319 silly audit   qs: [ '6.13.0' ],
319 silly audit   'range-parser': [ '1.2.1' ],
319 silly audit   'safe-buffer': [ '5.2.1' ],
319 silly audit   send: [ '0.19.0' ],
319 silly audit   'serve-static': [ '1.16.2' ],
319 silly audit   setprototypeof: [ '1.2.0' ],
319 silly audit   statuses: [ '2.0.1' ],
319 silly audit   'type-is': [ '1.6.18' ],
319 silly audit   'utils-merge': [ '1.0.1' ],
319 silly audit   vary: [ '1.1.2' ],
319 silly audit   'mime-types': [ '2.1.35' ],
319 silly audit   negotiator: [ '0.6.3' ],
319 silly audit   bytes: [ '3.1.2' ],
319 silly audit   destroy: [ '1.2.0' ],
319 silly audit   'iconv-lite': [ '0.4.24' ],
319 silly audit   'raw-body': [ '2.5.2' ],
319 silly audit   unpipe: [ '1.0.0' ],
319 silly audit   ms: [ '2.0.0', '2.1.3' ],
319 silly audit   inherits: [ '2.0.4' ],
319 silly audit   toidentifier: [ '1.0.1' ],
319 silly audit   'safer-buffer': [ '2.1.2' ],
319 silly audit   'mime-db': [ '1.52.0' ],
319 silly audit   'ee-first': [ '1.1.1' ],
319 silly audit   forwarded: [ '0.2.0' ],
319 silly audit   'ipaddr.js': [ '1.9.1' ],
319 silly audit   'side-channel': [ '1.1.0' ],
319 silly audit   mime: [ '1.6.0' ],
319 silly audit   'es-errors': [ '1.3.0' ],
319 silly audit   'object-inspect': [ '1.13.4' ],
319 silly audit   'side-channel-list': [ '1.0.0' ],
319 silly audit   'side-channel-map': [ '1.0.1' ],
319 silly audit   'side-channel-weakmap': [ '1.0.2' ],
319 silly audit   'call-bound': [ '1.0.4' ],
319 silly audit   'get-intrinsic': [ '1.3.0' ],
319 silly audit   'call-bind-apply-helpers': [ '1.0.2' ],
319 silly audit   'function-bind': [ '1.1.2' ],
319 silly audit   'es-define-property': [ '1.0.1' ],
319 silly audit   'es-object-atoms': [ '1.1.1' ],
319 silly audit   'get-proto': [ '1.0.1' ],
319 silly audit   gopd: [ '1.2.0' ],
319 silly audit   'has-symbols': [ '1.1.0' ],
319 silly audit   hasown: [ '2.0.2' ],
319 silly audit   'math-intrinsics': [ '1.1.0' ],
319 silly audit   'dunder-proto': [ '1.0.1' ],
319 silly audit   'media-typer': [ '0.3.0' ]
319 silly audit }
320 silly tarball no local data for media-typer@https://registry.npmjs.org/media-typer/-/media-typer-0.3.0.tgz. Extracting by manifest.
321 silly tarball no local data for dunder-proto@https://registry.npmjs.org/dunder-proto/-/dunder-proto-1.0.1.tgz. Extracting by manifest.
322 silly tarball no local data for math-intrinsics@https://registry.npmjs.org/math-intrinsics/-/math-intrinsics-1.1.0.tgz. Extracting by manifest.
323 silly tarball no local data for hasown@https://registry.npmjs.org/hasown/-/hasown-2.0.2.tgz. Extracting by manifest.
324 silly tarball no local data for has-symbols@https://registry.npmjs.org/has-symbols/-/has-symbols-1.1.0.tgz. Extracting by manifest.
325 silly tarball no local data for gopd@https://registry.npmjs.org/gopd/-/gopd-1.2.0.tgz. Extracting by manifest.
326 silly tarball no local data for es-object-atoms@https://registry.npmjs.org/es-object-atoms/-/es-object-atoms-1.1.1.tgz. Extracting by manifest.
327 silly tarball no local data for es-define-property@https://registry.npmjs.org/es-define-property/-/es-define-property-1.0.1.tgz. Extracting by manifest.
328 silly tarball no local data for function-bind@https://registry.npmjs.org/function-bind/-/function-bind-1.1.2.tgz. Extracting by manifest.
329 silly tarball no local data for get-intrinsic@https://registry.npmjs.org/get-intrinsic/-/get-intrinsic-1.3.0.tgz. Extracting by manifest.
330 silly tarball no local data for call-bound@https://registry.npmjs.org/call-bound/-/call-bound-1.0.4.tgz. Extracting by manifest.
331 silly tarball no local data for side-channel-weakmap@https://registry.npmjs.org/side-channel-weakmap/-/side-channel-weakmap-1.0.2.tgz. Extracting by manifest.
332 silly tarball no local data for side-channel-map@https://registry.npmjs.org/side-channel-map/-/side-channel-map-1.0.1.tgz. Extracting by manifest.
333 silly tarball no local data for call-bind-apply-helpers@https://registry.npmjs.org/call-bind-apply-helpers/-/call-bind-apply-helpers-1.0.2.tgz. Extracting by manifest.
334 silly tarball no local data for side-channel-list@https://registry.npmjs.org/side-channel-list/-/side-channel-list-1.0.0.tgz. Extracting by manifest.
335 silly tarball no local data for object-inspect@https://registry.npmjs.org/object-inspect/-/object-inspect-1.13.4.tgz. Extracting by manifest.
336 silly tarball no local data for get-proto@https://registry.npmjs.org/get-proto/-/get-proto-1.0.1.tgz. Extracting by manifest.
337 silly tarball no local data for es-errors@https://registry.npmjs.org/es-errors/-/es-errors-1.3.0.tgz. Extracting by manifest.
338 silly tarball no local data for mime@https://registry.npmjs.org/mime/-/mime-1.6.0.tgz. Extracting by manifest.
339 silly tarball no local data for ipaddr.js@https://registry.npmjs.org/ipaddr.js/-/ipaddr.js-1.9.1.tgz. Extracting by manifest.
340 silly tarball no local data for side-channel@https://registry.npmjs.org/side-channel/-/side-channel-1.1.0.tgz. Extracting by manifest.
341 silly tarball no local data for mime-db@https://registry.npmjs.org/mime-db/-/mime-db-1.52.0.tgz. Extracting by manifest.
342 silly tarball no local data for safer-buffer@https://registry.npmjs.org/safer-buffer/-/safer-buffer-2.1.2.tgz. Extracting by manifest.
343 silly tarball no local data for toidentifier@https://registry.npmjs.org/toidentifier/-/toidentifier-1.0.1.tgz. Extracting by manifest.
344 silly tarball no local data for inherits@https://registry.npmjs.org/inherits/-/inherits-2.0.4.tgz. Extracting by manifest.
345 silly tarball no local data for forwarded@https://registry.npmjs.org/forwarded/-/forwarded-0.2.0.tgz. Extracting by manifest.
346 silly tarball no local data for ee-first@https://registry.npmjs.org/ee-first/-/ee-first-1.1.1.tgz. Extracting by manifest.
347 silly tarball no local data for unpipe@https://registry.npmjs.org/unpipe/-/unpipe-1.0.0.tgz. Extracting by manifest.
348 silly tarball no local data for ms@https://registry.npmjs.org/ms/-/ms-2.0.0.tgz. Extracting by manifest.
349 silly tarball no local data for raw-body@https://registry.npmjs.org/raw-body/-/raw-body-2.5.2.tgz. Extracting by manifest.
350 silly tarball no local data for destroy@https://registry.npmjs.org/destroy/-/destroy-1.2.0.tgz. Extracting by manifest.
351 silly tarball no local data for negotiator@https://registry.npmjs.org/negotiator/-/negotiator-0.6.3.tgz. Extracting by manifest.
352 silly tarball no local data for iconv-lite@https://registry.npmjs.org/iconv-lite/-/iconv-lite-0.4.24.tgz. Extracting by manifest.
353 silly tarball no local data for bytes@https://registry.npmjs.org/bytes/-/bytes-3.1.2.tgz. Extracting by manifest.
354 silly tarball no local data for mime-types@https://registry.npmjs.org/mime-types/-/mime-types-2.1.35.tgz. Extracting by manifest.
355 silly tarball no local data for vary@https://registry.npmjs.org/vary/-/vary-1.1.2.tgz. Extracting by manifest.
356 silly tarball no local data for type-is@https://registry.npmjs.org/type-is/-/type-is-1.6.18.tgz. Extracting by manifest.
357 silly tarball no local data for statuses@https://registry.npmjs.org/statuses/-/statuses-2.0.1.tgz. Extracting by manifest.
358 silly tarball no local data for utils-merge@https://registry.npmjs.org/utils-merge/-/utils-merge-1.0.1.tgz. Extracting by manifest.
359 silly tarball no local data for setprototypeof@https://registry.npmjs.org/setprototypeof/-/setprototypeof-1.2.0.tgz. Extracting by manifest.
360 silly tarball no local data for serve-static@https://registry.npmjs.org/serve-static/-/serve-static-1.16.2.tgz. Extracting by manifest.
361 silly tarball no local data for safe-buffer@https://registry.npmjs.org/safe-buffer/-/safe-buffer-5.2.1.tgz. Extracting by manifest.
362 silly tarball no local data for send@https://registry.npmjs.org/send/-/send-0.19.0.tgz. Extracting by manifest.
363 silly tarball no local data for range-parser@https://registry.npmjs.org/range-parser/-/range-parser-1.2.1.tgz. Extracting by manifest.
364 silly tarball no local data for proxy-addr@https://registry.npmjs.org/proxy-addr/-/proxy-addr-2.0.7.tgz. Extracting by manifest.
365 silly tarball no local data for qs@https://registry.npmjs.org/qs/-/qs-6.13.0.tgz. Extracting by manifest.
366 silly tarball no local data for on-finished@https://registry.npmjs.org/on-finished/-/on-finished-2.4.1.tgz. Extracting by manifest.
367 silly tarball no local data for path-to-regexp@https://registry.npmjs.org/path-to-regexp/-/path-to-regexp-0.1.12.tgz. Extracting by manifest.
368 silly tarball no local data for methods@https://registry.npmjs.org/methods/-/methods-1.1.2.tgz. Extracting by manifest.
369 silly tarball no local data for parseurl@https://registry.npmjs.org/parseurl/-/parseurl-1.3.3.tgz. Extracting by manifest.
370 silly tarball no local data for merge-descriptors@https://registry.npmjs.org/merge-descriptors/-/merge-descriptors-1.0.3.tgz. Extracting by manifest.
371 silly tarball no local data for fresh@https://registry.npmjs.org/fresh/-/fresh-0.5.2.tgz. Extracting by manifest.
372 silly tarball no local data for http-errors@https://registry.npmjs.org/http-errors/-/http-errors-2.0.0.tgz. Extracting by manifest.
373 silly tarball no local data for etag@https://registry.npmjs.org/etag/-/etag-1.8.1.tgz. Extracting by manifest.
374 silly tarball no local data for finalhandler@https://registry.npmjs.org/finalhandler/-/finalhandler-1.3.1.tgz. Extracting by manifest.
375 silly tarball no local data for escape-html@https://registry.npmjs.org/escape-html/-/escape-html-1.0.3.tgz. Extracting by manifest.
376 silly tarball no local data for depd@https://registry.npmjs.org/depd/-/depd-2.0.0.tgz. Extracting by manifest.
377 silly tarball no local data for encodeurl@https://registry.npmjs.org/encodeurl/-/encodeurl-2.0.0.tgz. Extracting by manifest.
378 silly tarball no local data for debug@https://registry.npmjs.org/debug/-/debug-2.6.9.tgz. Extracting by manifest.
379 silly tarball no local data for cookie-signature@https://registry.npmjs.org/cookie-signature/-/cookie-signature-1.0.6.tgz. Extracting by manifest.
380 silly tarball no local data for cookie@https://registry.npmjs.org/cookie/-/cookie-0.7.1.tgz. Extracting by manifest.
381 silly tarball no local data for content-type@https://registry.npmjs.org/content-type/-/content-type-1.0.5.tgz. Extracting by manifest.
382 silly tarball no local data for body-parser@https://registry.npmjs.org/body-parser/-/body-parser-1.20.3.tgz. Extracting by manifest.
383 silly tarball no local data for content-disposition@https://registry.npmjs.org/content-disposition/-/content-disposition-0.5.4.tgz. Extracting by manifest.
384 silly tarball no local data for array-flatten@https://registry.npmjs.org/array-flatten/-/array-flatten-1.1.1.tgz. Extracting by manifest.
385 silly tarball no local data for accepts@https://registry.npmjs.org/accepts/-/accepts-1.3.8.tgz. Extracting by manifest.
386 silly tarball no local data for express@https://registry.npmjs.org/express/-/express-4.21.2.tgz. Extracting by manifest.
387 silly tarball no local data for encodeurl@https://registry.npmjs.org/encodeurl/-/encodeurl-1.0.2.tgz. Extracting by manifest.
388 silly tarball no local data for ms@https://registry.npmjs.org/ms/-/ms-2.1.3.tgz. Extracting by manifest.
389 http fetch GET 200 https://registry.npmjs.org/gopd/-/gopd-1.2.0.tgz 453ms (cache miss)
390 timing reifyNode:node_modules/gopd Completed in 510ms
391 http fetch POST 200 https://registry.npmjs.org/-/npm/v1/security/advisories/bulk 519ms
392 timing auditReport:getReport Completed in 521ms
393 silly audit report {}
394 timing auditReport:init Completed in 0ms
395 timing reify:audit Completed in 523ms
396 http fetch GET 200 https://registry.npmjs.org/media-typer/-/media-typer-0.3.0.tgz 498ms (cache miss)
397 timing reifyNode:node_modules/media-typer Completed in 536ms
398 http fetch GET 200 https://registry.npmjs.org/hasown/-/hasown-2.0.2.tgz 565ms (cache miss)
399 timing reifyNode:node_modules/hasown Completed in 617ms
400 http fetch GET 200 https://registry.npmjs.org/es-object-atoms/-/es-object-atoms-1.1.1.tgz 580ms (cache miss)
401 timing reifyNode:node_modules/es-object-atoms Completed in 641ms
402 http fetch GET 200 https://registry.npmjs.org/get-intrinsic/-/get-intrinsic-1.3.0.tgz 569ms (cache miss)
403 timing reifyNode:node_modules/get-intrinsic Completed in 644ms
404 http fetch GET 200 https://registry.npmjs.org/es-define-property/-/es-define-property-1.0.1.tgz 588ms (cache miss)
405 timing reifyNode:node_modules/es-define-property Completed in 659ms
406 http fetch GET 200 https://registry.npmjs.org/side-channel-weakmap/-/side-channel-weakmap-1.0.2.tgz 590ms (cache miss)
407 timing reifyNode:node_modules/side-channel-weakmap Completed in 682ms
408 http fetch GET 200 https://registry.npmjs.org/side-channel-map/-/side-channel-map-1.0.1.tgz 586ms (cache miss)
409 timing reifyNode:node_modules/side-channel-map Completed in 684ms
410 http fetch GET 200 https://registry.npmjs.org/dunder-proto/-/dunder-proto-1.0.1.tgz 657ms (cache miss)
411 timing reifyNode:node_modules/dunder-proto Completed in 701ms
412 http fetch GET 200 https://registry.npmjs.org/es-errors/-/es-errors-1.3.0.tgz 584ms (cache miss)
413 http fetch GET 200 https://registry.npmjs.org/function-bind/-/function-bind-1.1.2.tgz 651ms (cache miss)
414 timing reifyNode:node_modules/function-bind Completed in 724ms
415 http fetch GET 200 https://registry.npmjs.org/call-bound/-/call-bound-1.0.4.tgz 639ms (cache miss)
416 timing reifyNode:node_modules/call-bound Completed in 728ms
417 http fetch GET 200 https://registry.npmjs.org/ee-first/-/ee-first-1.1.1.tgz 611ms (cache miss)
418 timing reifyNode:node_modules/ee-first Completed in 765ms
419 http fetch GET 200 https://registry.npmjs.org/inherits/-/inherits-2.0.4.tgz 646ms (cache miss)
420 timing reifyNode:node_modules/inherits Completed in 793ms
421 http fetch GET 200 https://registry.npmjs.org/has-symbols/-/has-symbols-1.1.0.tgz 768ms (cache miss)
422 timing reifyNode:node_modules/has-symbols Completed in 822ms
423 http fetch GET 200 https://registry.npmjs.org/toidentifier/-/toidentifier-1.0.1.tgz 711ms (cache miss)
424 timing reifyNode:node_modules/toidentifier Completed in 855ms
425 http fetch GET 200 https://registry.npmjs.org/destroy/-/destroy-1.2.0.tgz 686ms (cache miss)
426 timing reifyNode:node_modules/destroy Completed in 857ms
427 timing reifyNode:node_modules/es-errors Completed in 868ms
428 http fetch GET 200 https://registry.npmjs.org/ipaddr.js/-/ipaddr.js-1.9.1.tgz 755ms (cache miss)
429 timing reifyNode:node_modules/ipaddr.js Completed in 879ms
430 http fetch GET 200 https://registry.npmjs.org/unpipe/-/unpipe-1.0.0.tgz 735ms (cache miss)
431 timing reifyNode:node_modules/unpipe Completed in 893ms
432 http fetch GET 200 https://registry.npmjs.org/call-bind-apply-helpers/-/call-bind-apply-helpers-1.0.2.tgz 796ms (cache miss)
433 timing reifyNode:node_modules/call-bind-apply-helpers Completed in 903ms
434 http fetch GET 200 https://registry.npmjs.org/forwarded/-/forwarded-0.2.0.tgz 759ms (cache miss)
435 timing reifyNode:node_modules/forwarded Completed in 911ms
436 http fetch GET 200 https://registry.npmjs.org/ms/-/ms-2.0.0.tgz 760ms (cache miss)
437 timing reifyNode:node_modules/ms Completed in 921ms
438 http fetch GET 200 https://registry.npmjs.org/utils-merge/-/utils-merge-1.0.1.tgz 719ms (cache miss)
439 timing reifyNode:node_modules/utils-merge Completed in 930ms
440 http fetch GET 200 https://registry.npmjs.org/setprototypeof/-/setprototypeof-1.2.0.tgz 720ms (cache miss)
441 timing reifyNode:node_modules/setprototypeof Completed in 934ms
442 http fetch GET 200 https://registry.npmjs.org/side-channel-list/-/side-channel-list-1.0.0.tgz 833ms (cache miss)
443 timing reifyNode:node_modules/side-channel-list Completed in 943ms
444 http fetch GET 200 https://registry.npmjs.org/side-channel/-/side-channel-1.1.0.tgz 816ms (cache miss)
445 timing reifyNode:node_modules/side-channel Completed in 946ms
446 http fetch GET 200 https://registry.npmjs.org/safer-buffer/-/safer-buffer-2.1.2.tgz 814ms (cache miss)
447 timing reifyNode:node_modules/safer-buffer Completed in 955ms
448 http fetch GET 200 https://registry.npmjs.org/get-proto/-/get-proto-1.0.1.tgz 847ms (cache miss)
449 timing reifyNode:node_modules/get-proto Completed in 964ms
450 http fetch GET 200 https://registry.npmjs.org/mime/-/mime-1.6.0.tgz 848ms (cache miss)
451 timing reifyNode:node_modules/mime Completed in 969ms
452 http fetch GET 200 https://registry.npmjs.org/raw-body/-/raw-body-2.5.2.tgz 804ms (cache miss)
453 timing reifyNode:node_modules/raw-body Completed in 973ms
454 http fetch GET 200 https://registry.npmjs.org/merge-descriptors/-/merge-descriptors-1.0.3.tgz 704ms (cache miss)
455 timing reifyNode:node_modules/merge-descriptors Completed in 974ms
456 http fetch GET 200 https://registry.npmjs.org/mime-types/-/mime-types-2.1.35.tgz 787ms (cache miss)
457 timing reifyNode:node_modules/mime-types Completed in 981ms
458 http fetch GET 200 https://registry.npmjs.org/serve-static/-/serve-static-1.16.2.tgz 762ms (cache miss)
459 timing reifyNode:node_modules/serve-static Completed in 990ms
460 http fetch GET 200 https://registry.npmjs.org/body-parser/-/body-parser-1.20.3.tgz 684ms (cache miss)
461 http fetch GET 200 https://registry.npmjs.org/math-intrinsics/-/math-intrinsics-1.1.0.tgz 951ms (cache miss)
462 timing reifyNode:node_modules/math-intrinsics Completed in 999ms
463 http fetch GET 200 https://registry.npmjs.org/negotiator/-/negotiator-0.6.3.tgz 815ms (cache miss)
464 timing reifyNode:node_modules/negotiator Completed in 1001ms
465 http fetch GET 200 https://registry.npmjs.org/vary/-/vary-1.1.2.tgz 812ms (cache miss)
466 timing reifyNode:node_modules/vary Completed in 1010ms
467 http fetch GET 200 https://registry.npmjs.org/type-is/-/type-is-1.6.18.tgz 811ms (cache miss)
468 timing reifyNode:node_modules/type-is Completed in 1012ms
469 http fetch GET 200 https://registry.npmjs.org/path-to-regexp/-/path-to-regexp-0.1.12.tgz 759ms (cache miss)
470 timing reifyNode:node_modules/path-to-regexp Completed in 1014ms
471 http fetch GET 200 https://registry.npmjs.org/methods/-/methods-1.1.2.tgz 769ms (cache miss)
472 timing reifyNode:node_modules/methods Completed in 1029ms
473 http fetch GET 200 https://registry.npmjs.org/on-finished/-/on-finished-2.4.1.tgz 786ms (cache miss)
474 timing reifyNode:node_modules/on-finished Completed in 1038ms
475 http fetch GET 200 https://registry.npmjs.org/bytes/-/bytes-3.1.2.tgz 851ms (cache miss)
476 timing reifyNode:node_modules/bytes Completed in 1041ms
477 http fetch GET 200 https://registry.npmjs.org/safe-buffer/-/safe-buffer-5.2.1.tgz 811ms (cache miss)
478 timing reifyNode:node_modules/safe-buffer Completed in 1049ms
479 http fetch GET 200 https://registry.npmjs.org/proxy-addr/-/proxy-addr-2.0.7.tgz 807ms (cache miss)
480 timing reifyNode:node_modules/proxy-addr Completed in 1052ms
481 http fetch GET 200 https://registry.npmjs.org/mime-db/-/mime-db-1.52.0.tgz 928ms (cache miss)
482 timing reifyNode:node_modules/mime-db Completed in 1061ms
483 http fetch GET 200 https://registry.npmjs.org/statuses/-/statuses-2.0.1.tgz 853ms (cache miss)
484 timing reifyNode:node_modules/statuses Completed in 1061ms
485 http fetch GET 200 https://registry.npmjs.org/range-parser/-/range-parser-1.2.1.tgz 819ms (cache miss)
486 timing reifyNode:node_modules/range-parser Completed in 1063ms
487 http fetch GET 200 https://registry.npmjs.org/fresh/-/fresh-0.5.2.tgz 800ms (cache miss)
488 timing reifyNode:node_modules/fresh Completed in 1072ms
489 http fetch GET 200 https://registry.npmjs.org/http-errors/-/http-errors-2.0.0.tgz 800ms (cache miss)
490 timing reifyNode:node_modules/http-errors Completed in 1075ms
491 http fetch GET 200 https://registry.npmjs.org/cookie/-/cookie-0.7.1.tgz 777ms (cache miss)
492 timing reifyNode:node_modules/cookie Completed in 1082ms
493 http fetch GET 200 https://registry.npmjs.org/etag/-/etag-1.8.1.tgz 809ms (cache miss)
494 timing reifyNode:node_modules/etag Completed in 1086ms
495 timing reifyNode:node_modules/body-parser Completed in 1087ms
496 http fetch GET 200 https://registry.npmjs.org/encodeurl/-/encodeurl-2.0.0.tgz 799ms (cache miss)
497 timing reifyNode:node_modules/encodeurl Completed in 1090ms
498 http fetch GET 200 https://registry.npmjs.org/array-flatten/-/array-flatten-1.1.1.tgz 781ms (cache miss)
499 timing reifyNode:node_modules/array-flatten Completed in 1094ms
500 http fetch GET 200 https://registry.npmjs.org/encodeurl/-/encodeurl-1.0.2.tgz 771ms (cache miss)
501 timing reifyNode:node_modules/send/node_modules/encodeurl Completed in 1099ms
502 http fetch GET 200 https://registry.npmjs.org/parseurl/-/parseurl-1.3.3.tgz 838ms (cache miss)
503 timing reifyNode:node_modules/parseurl Completed in 1101ms
504 http fetch GET 200 https://registry.npmjs.org/depd/-/depd-2.0.0.tgz 820ms (cache miss)
505 timing reifyNode:node_modules/depd Completed in 1110ms
506 http fetch GET 200 https://registry.npmjs.org/escape-html/-/escape-html-1.0.3.tgz 833ms (cache miss)
507 timing reifyNode:node_modules/escape-html Completed in 1116ms
508 http fetch GET 200 https://registry.npmjs.org/ms/-/ms-2.1.3.tgz 785ms (cache miss)
509 timing reifyNode:node_modules/send/node_modules/ms Completed in 1126ms
510 http fetch GET 200 https://registry.npmjs.org/cookie-signature/-/cookie-signature-1.0.6.tgz 825ms (cache miss)
511 timing reifyNode:node_modules/cookie-signature Completed in 1128ms
512 http fetch GET 200 https://registry.npmjs.org/content-disposition/-/content-disposition-0.5.4.tgz 821ms (cache miss)
513 timing reifyNode:node_modules/content-disposition Completed in 1132ms
514 http fetch GET 200 https://registry.npmjs.org/finalhandler/-/finalhandler-1.3.1.tgz 854ms (cache miss)
515 timing reifyNode:node_modules/finalhandler Completed in 1134ms
516 http fetch GET 200 https://registry.npmjs.org/send/-/send-0.19.0.tgz 901ms (cache miss)
517 timing reifyNode:node_modules/send Completed in 1143ms
518 http fetch GET 200 https://registry.npmjs.org/content-type/-/content-type-1.0.5.tgz 838ms (cache miss)
519 timing reifyNode:node_modules/content-type Completed in 1145ms
520 http fetch GET 200 https://registry.npmjs.org/accepts/-/accepts-1.3.8.tgz 829ms (cache miss)
521 timing reifyNode:node_modules/accepts Completed in 1149ms
522 http fetch GET 200 https://registry.npmjs.org/debug/-/debug-2.6.9.tgz 869ms (cache miss)
523 timing reifyNode:node_modules/debug Completed in 1164ms
524 http fetch GET 200 https://registry.npmjs.org/object-inspect/-/object-inspect-1.13.4.tgz 1057ms (cache miss)
525 timing reifyNode:node_modules/object-inspect Completed in 1171ms
526 http fetch GET 200 https://registry.npmjs.org/qs/-/qs-6.13.0.tgz 930ms (cache miss)
527 timing reifyNode:node_modules/qs Completed in 1181ms
528 http fetch GET 200 https://registry.npmjs.org/iconv-lite/-/iconv-lite-0.4.24.tgz 995ms (cache miss)
529 timing reifyNode:node_modules/iconv-lite Completed in 1183ms
530 http fetch GET 200 https://registry.npmjs.org/express/-/express-4.21.2.tgz 861ms (cache miss)
531 timing reifyNode:node_modules/express Completed in 1185ms
532 timing reify:unpack Completed in 1189ms
533 timing reify:unretire Completed in 0ms
534 timing build:queue Completed in 4ms
535 timing build:link:node_modules/mime Completed in 5ms
536 timing build:link Completed in 5ms
537 timing build:deps Completed in 10ms
538 timing build Completed in 10ms
539 timing reify:build Completed in 11ms
540 timing reify:trash Completed in 0ms
541 timing reify:save Completed in 25ms
542 timing reify Completed in 4740ms
543 silly ADD node_modules/media-typer
544 silly ADD node_modules/dunder-proto
545 silly ADD node_modules/math-intrinsics
546 silly ADD node_modules/hasown
547 silly ADD node_modules/has-symbols
548 silly ADD node_modules/gopd
549 silly ADD node_modules/get-proto
550 silly ADD node_modules/es-object-atoms
551 silly ADD node_modules/es-define-property
552 silly ADD node_modules/function-bind
553 silly ADD node_modules/call-bind-apply-helpers
554 silly ADD node_modules/get-intrinsic
555 silly ADD node_modules/call-bound
556 silly ADD node_modules/side-channel-weakmap
557 silly ADD node_modules/side-channel-map
558 silly ADD node_modules/side-channel-list
559 silly ADD node_modules/object-inspect
560 silly ADD node_modules/es-errors
561 silly ADD node_modules/mime
562 silly ADD node_modules/side-channel
563 silly ADD node_modules/ipaddr.js
564 silly ADD node_modules/forwarded
565 silly ADD node_modules/ee-first
566 silly ADD node_modules/mime-db
567 silly ADD node_modules/safer-buffer
568 silly ADD node_modules/toidentifier
569 silly ADD node_modules/inherits
570 silly ADD node_modules/ms
571 silly ADD node_modules/unpipe
572 silly ADD node_modules/raw-body
573 silly ADD node_modules/iconv-lite
574 silly ADD node_modules/destroy
575 silly ADD node_modules/bytes
576 silly ADD node_modules/negotiator
577 silly ADD node_modules/mime-types
578 silly ADD node_modules/vary
579 silly ADD node_modules/utils-merge
580 silly ADD node_modules/type-is
581 silly ADD node_modules/statuses
582 silly ADD node_modules/setprototypeof
583 silly ADD node_modules/serve-static
584 silly ADD node_modules/send
585 silly ADD node_modules/send/node_modules/ms
586 silly ADD node_modules/send/node_modules/encodeurl
587 silly ADD node_modules/safe-buffer
588 silly ADD node_modules/range-parser
589 silly ADD node_modules/qs
590 silly ADD node_modules/proxy-addr
591 silly ADD node_modules/path-to-regexp
592 silly ADD node_modules/parseurl
593 silly ADD node_modules/on-finished
594 silly ADD node_modules/methods
595 silly ADD node_modules/merge-descriptors
596 silly ADD node_modules/http-errors
597 silly ADD node_modules/fresh
598 silly ADD node_modules/finalhandler
599 silly ADD node_modules/etag
600 silly ADD node_modules/escape-html
601 silly ADD node_modules/encodeurl
602 silly ADD node_modules/depd
603 silly ADD node_modules/debug
604 silly ADD node_modules/cookie-signature
605 silly ADD node_modules/cookie
606 silly ADD node_modules/content-type
607 silly ADD node_modules/content-disposition
608 silly ADD node_modules/body-parser
609 silly ADD node_modules/array-flatten
610 silly ADD node_modules/accepts
611 silly ADD node_modules/express
612 timing command:install Completed in 4754ms
613 verbose exit 0
614 timing npm Completed in 5297ms
615 info ok
