0 verbose cli [ '/usr/bin/node', '/usr/bin/npm', 'install', '-g', 'ngrok' ]
1 info using npm@8.5.1
2 info using node@v12.22.9
3 timing npm:load:whichnode Completed in 0ms
4 timing config:load:defaults Completed in 1ms
5 timing config:load:file:/usr/share/nodejs/npm/npmrc Completed in 3ms
6 timing config:load:builtin Completed in 3ms
7 timing config:load:cli Completed in 2ms
8 timing config:load:env Completed in 0ms
9 timing config:load:project Completed in 3ms
10 timing config:load:file:/home/ubuntu/.npmrc Completed in 0ms
11 timing config:load:user Completed in 0ms
12 timing config:load:file:/etc/npmrc Completed in 0ms
13 timing config:load:global Completed in 0ms
14 timing config:load:validate Completed in 1ms
15 timing config:load:credentials Completed in 3ms
16 timing config:load:setEnvs Completed in 1ms
17 timing config:load Completed in 16ms
18 timing npm:load:configload Completed in 16ms
19 timing npm:load:setTitle Completed in 0ms
20 timing config:load:flatten Completed in 3ms
21 timing npm:load:display Completed in 4ms
22 verbose logfile /home/ubuntu/.npm/_logs/2025-04-07T10_05_07_192Z-debug-0.log
23 timing npm:load:logFile Completed in 5ms
24 timing npm:load:timers Completed in 0ms
25 timing npm:load:configScope Completed in 0ms
26 timing npm:load Completed in 26ms
27 timing arborist:ctor Completed in 1ms
28 timing idealTree:init Completed in 7ms
29 timing idealTree:userRequests Completed in 3ms
30 silly idealTree buildDeps
31 silly fetch manifest ngrok@*
32 http fetch GET 200 https://registry.npmjs.org/ngrok 504ms (cache miss)
33 silly placeDep ROOT ngrok@5.0.0-beta.2 OK for:  want: *
34 silly fetch manifest extract-zip@^2.0.1
35 silly fetch manifest got@^11.8.5
36 silly fetch manifest lodash.clonedeep@^4.5.0
37 silly fetch manifest uuid@^7.0.0 || ^8.0.0
38 silly fetch manifest yaml@^2.2.2
39 silly fetch manifest hpagent@^0.1.2
40 http fetch GET 200 https://registry.npmjs.org/extract-zip 140ms (cache miss)
41 http fetch GET 200 https://registry.npmjs.org/uuid 274ms (cache miss)
42 http fetch GET 200 https://registry.npmjs.org/hpagent 311ms (cache miss)
43 http fetch GET 200 https://registry.npmjs.org/lodash.clonedeep 315ms (cache miss)
44 http fetch GET 200 https://registry.npmjs.org/got 320ms (cache miss)
45 http fetch GET 200 https://registry.npmjs.org/yaml 327ms (cache miss)
46 timing idealTree:#root Completed in 851ms
47 silly placeDep node_modules/ngrok extract-zip@2.0.1 OK for: ngrok@5.0.0-beta.2 want: ^2.0.1
48 silly placeDep node_modules/ngrok got@11.8.6 OK for: ngrok@5.0.0-beta.2 want: ^11.8.5
49 silly placeDep node_modules/ngrok hpagent@0.1.2 OK for: ngrok@5.0.0-beta.2 want: ^0.1.2
50 silly placeDep node_modules/ngrok lodash.clonedeep@4.5.0 OK for: ngrok@5.0.0-beta.2 want: ^4.5.0
51 silly placeDep node_modules/ngrok uuid@8.3.2 OK for: ngrok@5.0.0-beta.2 want: ^7.0.0 || ^8.0.0
52 silly placeDep node_modules/ngrok yaml@2.7.1 OK for: ngrok@5.0.0-beta.2 want: ^2.2.2
53 silly fetch manifest debug@^4.1.1
54 silly fetch manifest get-stream@^5.1.0
55 silly fetch manifest yauzl@^2.10.0
56 silly fetch manifest @types/yauzl@^2.9.1
57 silly fetch manifest p-cancelable@^2.0.0
58 silly fetch manifest responselike@^2.0.0
59 silly fetch manifest http2-wrapper@^1.0.0-beta.5.2
60 silly fetch manifest lowercase-keys@^2.0.0
61 silly fetch manifest @sindresorhus/is@^4.0.0
62 silly fetch manifest cacheable-lookup@^5.0.3
63 silly fetch manifest cacheable-request@^7.0.2
64 silly fetch manifest @types/responselike@^1.0.0
65 silly fetch manifest decompress-response@^6.0.0
66 silly fetch manifest @szmarczak/http-timer@^4.0.5
67 silly fetch manifest @types/cacheable-request@^6.0.1
68 http fetch GET 200 https://registry.npmjs.org/get-stream 142ms (cache miss)
69 http fetch GET 200 https://registry.npmjs.org/responselike 142ms (cache miss)
70 http fetch GET 200 https://registry.npmjs.org/yauzl 149ms (cache miss)
71 http fetch GET 200 https://registry.npmjs.org/p-cancelable 145ms (cache miss)
72 http fetch GET 200 https://registry.npmjs.org/debug 182ms (cache miss)
73 http fetch GET 200 https://registry.npmjs.org/@types%2fyauzl 200ms (cache miss)
74 http fetch GET 200 https://registry.npmjs.org/decompress-response 355ms (cache miss)
75 http fetch GET 200 https://registry.npmjs.org/@sindresorhus%2fis 375ms (cache miss)
76 http fetch GET 200 https://registry.npmjs.org/@types%2fresponselike 383ms (cache miss)
77 http fetch GET 200 https://registry.npmjs.org/lowercase-keys 387ms (cache miss)
78 http fetch GET 200 https://registry.npmjs.org/cacheable-lookup 391ms (cache miss)
79 http fetch GET 200 https://registry.npmjs.org/cacheable-request 396ms (cache miss)
80 http fetch GET 200 https://registry.npmjs.org/@types%2fcacheable-request 415ms (cache miss)
81 http fetch GET 200 https://registry.npmjs.org/http2-wrapper 425ms (cache miss)
82 http fetch GET 200 https://registry.npmjs.org/@szmarczak%2fhttp-timer 430ms (cache miss)
83 timing idealTree:node_modules/ngrok Completed in 463ms
84 silly placeDep node_modules/ngrok @types/yauzl@2.10.3 OK for: extract-zip@2.0.1 want: ^2.9.1
85 silly placeDep node_modules/ngrok debug@4.4.0 OK for: extract-zip@2.0.1 want: ^4.1.1
86 silly placeDep node_modules/ngrok get-stream@5.2.0 OK for: extract-zip@2.0.1 want: ^5.1.0
87 silly placeDep node_modules/ngrok yauzl@2.10.0 OK for: extract-zip@2.0.1 want: ^2.10.0
88 silly fetch manifest @types/node@*
89 silly fetch manifest ms@^2.1.3
90 silly fetch manifest pump@^3.0.0
91 silly fetch manifest fd-slicer@~1.1.0
92 silly fetch manifest buffer-crc32@~0.2.3
93 http fetch GET 200 https://registry.npmjs.org/ms 101ms (cache miss)
94 http fetch GET 200 https://registry.npmjs.org/fd-slicer 113ms (cache miss)
95 http fetch GET 200 https://registry.npmjs.org/buffer-crc32 125ms (cache miss)
96 http fetch GET 200 https://registry.npmjs.org/pump 134ms (cache miss)
97 http fetch GET 200 https://registry.npmjs.org/@types%2fnode 418ms (cache miss)
98 timing idealTree:node_modules/ngrok/node_modules/extract-zip Completed in 461ms
99 silly placeDep node_modules/ngrok @types/node@22.14.0 OK for: @types/yauzl@2.10.3 want: *
100 silly fetch manifest undici-types@~6.21.0
101 http fetch GET 200 https://registry.npmjs.org/undici-types 135ms (cache miss)
102 timing idealTree:node_modules/ngrok/node_modules/@types/yauzl Completed in 142ms
103 silly placeDep node_modules/ngrok undici-types@6.21.0 OK for: @types/node@22.14.0 want: ~6.21.0
104 timing idealTree:node_modules/ngrok/node_modules/@types/node Completed in 2ms
105 silly placeDep node_modules/ngrok ms@2.1.3 OK for: debug@4.4.0 want: ^2.1.3
106 timing idealTree:node_modules/ngrok/node_modules/debug Completed in 5ms
107 silly placeDep node_modules/ngrok pump@3.0.2 OK for: get-stream@5.2.0 want: ^3.0.0
108 silly fetch manifest once@^1.3.1
109 silly fetch manifest end-of-stream@^1.1.0
110 http fetch GET 200 https://registry.npmjs.org/once 103ms (cache miss)
111 http fetch GET 200 https://registry.npmjs.org/end-of-stream 113ms (cache miss)
112 timing idealTree:node_modules/ngrok/node_modules/get-stream Completed in 120ms
113 silly placeDep node_modules/ngrok @sindresorhus/is@4.6.0 OK for: got@11.8.6 want: ^4.0.0
114 silly placeDep node_modules/ngrok @szmarczak/http-timer@4.0.6 OK for: got@11.8.6 want: ^4.0.5
115 silly placeDep node_modules/ngrok @types/cacheable-request@6.0.3 OK for: got@11.8.6 want: ^6.0.1
116 silly placeDep node_modules/ngrok @types/responselike@1.0.3 OK for: got@11.8.6 want: ^1.0.0
117 silly placeDep node_modules/ngrok cacheable-lookup@5.0.4 OK for: got@11.8.6 want: ^5.0.3
118 silly placeDep node_modules/ngrok cacheable-request@7.0.4 OK for: got@11.8.6 want: ^7.0.2
119 silly placeDep node_modules/ngrok decompress-response@6.0.0 OK for: got@11.8.6 want: ^6.0.0
120 silly placeDep node_modules/ngrok http2-wrapper@1.0.3 OK for: got@11.8.6 want: ^1.0.0-beta.5.2
121 silly placeDep node_modules/ngrok lowercase-keys@2.0.0 OK for: got@11.8.6 want: ^2.0.0
122 silly placeDep node_modules/ngrok p-cancelable@2.1.1 OK for: got@11.8.6 want: ^2.0.0
123 silly placeDep node_modules/ngrok responselike@2.0.1 OK for: got@11.8.6 want: ^2.0.0
124 silly fetch manifest defer-to-connect@^2.0.0
125 silly fetch manifest @types/keyv@^3.1.4
126 silly fetch manifest @types/http-cache-semantics@*
127 silly fetch manifest keyv@^4.0.0
128 silly fetch manifest normalize-url@^6.0.1
129 silly fetch manifest clone-response@^1.0.2
130 silly fetch manifest http-cache-semantics@^4.0.0
131 silly fetch manifest mimic-response@^3.1.0
132 silly fetch manifest quick-lru@^5.1.1
133 silly fetch manifest resolve-alpn@^1.0.0
134 http fetch GET 200 https://registry.npmjs.org/defer-to-connect 152ms (cache miss)
135 http fetch GET 200 https://registry.npmjs.org/mimic-response 140ms (cache miss)
136 http fetch GET 200 https://registry.npmjs.org/clone-response 142ms (cache miss)
137 http fetch GET 200 https://registry.npmjs.org/@types%2fkeyv 166ms (cache miss)
138 http fetch GET 200 https://registry.npmjs.org/resolve-alpn 156ms (cache miss)
139 http fetch GET 200 https://registry.npmjs.org/http-cache-semantics 159ms (cache miss)
140 http fetch GET 200 https://registry.npmjs.org/quick-lru 159ms (cache miss)
141 http fetch GET 200 https://registry.npmjs.org/keyv 164ms (cache miss)
142 http fetch GET 200 https://registry.npmjs.org/normalize-url 167ms (cache miss)
143 http fetch GET 200 https://registry.npmjs.org/@types%2fhttp-cache-semantics 170ms (cache miss)
144 timing idealTree:node_modules/ngrok/node_modules/got Completed in 197ms
145 timing idealTree:node_modules/ngrok/node_modules/@sindresorhus/is Completed in 0ms
146 silly placeDep node_modules/ngrok defer-to-connect@2.0.1 OK for: @szmarczak/http-timer@4.0.6 want: ^2.0.0
147 timing idealTree:node_modules/ngrok/node_modules/@szmarczak/http-timer Completed in 2ms
148 silly placeDep node_modules/ngrok @types/http-cache-semantics@4.0.4 OK for: @types/cacheable-request@6.0.3 want: *
149 silly placeDep node_modules/ngrok @types/keyv@3.1.4 OK for: @types/cacheable-request@6.0.3 want: ^3.1.4
150 timing idealTree:node_modules/ngrok/node_modules/@types/cacheable-request Completed in 2ms
151 timing idealTree:node_modules/ngrok/node_modules/@types/http-cache-semantics Completed in 0ms
152 timing idealTree:node_modules/ngrok/node_modules/@types/keyv Completed in 0ms
153 timing idealTree:node_modules/ngrok/node_modules/@types/responselike Completed in 0ms
154 timing idealTree:node_modules/ngrok/node_modules/cacheable-lookup Completed in 0ms
155 silly placeDep node_modules/ngrok clone-response@1.0.3 OK for: cacheable-request@7.0.4 want: ^1.0.2
156 silly placeDep node_modules/ngrok http-cache-semantics@4.1.1 OK for: cacheable-request@7.0.4 want: ^4.0.0
157 silly placeDep node_modules/ngrok keyv@4.5.4 OK for: cacheable-request@7.0.4 want: ^4.0.0
158 silly placeDep node_modules/ngrok normalize-url@6.1.0 OK for: cacheable-request@7.0.4 want: ^6.0.1
159 silly fetch manifest mimic-response@^1.0.0
160 silly fetch manifest json-buffer@3.0.1
161 http fetch GET 200 https://registry.npmjs.org/json-buffer 107ms (cache miss)
162 timing idealTree:node_modules/ngrok/node_modules/cacheable-request Completed in 112ms
163 silly placeDep node_modules/ngrok mimic-response@1.0.1 OK for: clone-response@1.0.3 want: ^1.0.0
164 timing idealTree:node_modules/ngrok/node_modules/clone-response Completed in 4ms
165 silly placeDep node_modules/ngrok/node_modules/decompress-response mimic-response@3.1.0 OK for: decompress-response@6.0.0 want: ^3.1.0
166 timing idealTree:node_modules/ngrok/node_modules/decompress-response Completed in 3ms
167 timing idealTree:node_modules/ngrok/node_modules/defer-to-connect Completed in 0ms
168 timing idealTree:node_modules/ngrok/node_modules/hpagent Completed in 0ms
169 timing idealTree:node_modules/ngrok/node_modules/http-cache-semantics Completed in 0ms
170 silly placeDep node_modules/ngrok quick-lru@5.1.1 OK for: http2-wrapper@1.0.3 want: ^5.1.1
171 silly placeDep node_modules/ngrok resolve-alpn@1.2.1 OK for: http2-wrapper@1.0.3 want: ^1.0.0
172 timing idealTree:node_modules/ngrok/node_modules/http2-wrapper Completed in 3ms
173 silly placeDep node_modules/ngrok json-buffer@3.0.1 OK for: keyv@4.5.4 want: 3.0.1
174 timing idealTree:node_modules/ngrok/node_modules/keyv Completed in 1ms
175 timing idealTree:node_modules/ngrok/node_modules/json-buffer Completed in 0ms
176 timing idealTree:node_modules/ngrok/node_modules/lodash.clonedeep Completed in 0ms
177 timing idealTree:node_modules/ngrok/node_modules/lowercase-keys Completed in 0ms
178 timing idealTree:node_modules/ngrok/node_modules/mimic-response Completed in 0ms
179 timing idealTree:node_modules/ngrok/node_modules/ms Completed in 0ms
180 timing idealTree:node_modules/ngrok/node_modules/normalize-url Completed in 0ms
181 timing idealTree:node_modules/ngrok/node_modules/p-cancelable Completed in 0ms
182 silly placeDep node_modules/ngrok end-of-stream@1.4.4 OK for: pump@3.0.2 want: ^1.1.0
183 silly placeDep node_modules/ngrok once@1.4.0 OK for: pump@3.0.2 want: ^1.3.1
184 silly fetch manifest wrappy@1
185 http fetch GET 200 https://registry.npmjs.org/wrappy 115ms (cache miss)
186 timing idealTree:node_modules/ngrok/node_modules/pump Completed in 118ms
187 timing idealTree:node_modules/ngrok/node_modules/end-of-stream Completed in 0ms
188 silly placeDep node_modules/ngrok wrappy@1.0.2 OK for: once@1.4.0 want: 1
189 timing idealTree:node_modules/ngrok/node_modules/once Completed in 1ms
190 timing idealTree:node_modules/ngrok/node_modules/quick-lru Completed in 0ms
191 timing idealTree:node_modules/ngrok/node_modules/resolve-alpn Completed in 0ms
192 timing idealTree:node_modules/ngrok/node_modules/responselike Completed in 0ms
193 timing idealTree:node_modules/ngrok/node_modules/undici-types Completed in 0ms
194 timing idealTree:node_modules/ngrok/node_modules/uuid Completed in 0ms
195 timing idealTree:node_modules/ngrok/node_modules/wrappy Completed in 0ms
196 timing idealTree:node_modules/ngrok/node_modules/yaml Completed in 0ms
197 silly placeDep node_modules/ngrok buffer-crc32@0.2.13 OK for: yauzl@2.10.0 want: ~0.2.3
198 silly placeDep node_modules/ngrok fd-slicer@1.1.0 OK for: yauzl@2.10.0 want: ~1.1.0
199 silly fetch manifest pend@~1.2.0
200 http fetch GET 200 https://registry.npmjs.org/pend 116ms (cache miss)
201 timing idealTree:node_modules/ngrok/node_modules/yauzl Completed in 119ms
202 timing idealTree:node_modules/ngrok/node_modules/buffer-crc32 Completed in 0ms
203 silly placeDep node_modules/ngrok pend@1.2.0 OK for: fd-slicer@1.1.0 want: ~1.2.0
204 timing idealTree:node_modules/ngrok/node_modules/fd-slicer Completed in 1ms
205 timing idealTree:node_modules/ngrok/node_modules/pend Completed in 0ms
206 timing idealTree:node_modules/ngrok/node_modules/decompress-response/node_modules/mimic-response Completed in 0ms
207 timing idealTree:buildDeps Completed in 2610ms
208 timing idealTree:fixDepFlags Completed in 1ms
209 warn EBADENGINE Unsupported engine {
209 warn EBADENGINE   package: 'ngrok@5.0.0-beta.2',
209 warn EBADENGINE   required: { node: '>=14.2' },
209 warn EBADENGINE   current: { node: 'v12.22.9', npm: '8.5.1' }
209 warn EBADENGINE }
210 warn EBADENGINE Unsupported engine {
210 warn EBADENGINE   package: 'yaml@2.7.1',
210 warn EBADENGINE   required: { node: '>= 14' },
210 warn EBADENGINE   current: { node: 'v12.22.9', npm: '8.5.1' }
210 warn EBADENGINE }
211 timing idealTree Completed in 2625ms
212 timing reify:loadTrees Completed in 2627ms
213 timing reify:diffTrees Completed in 1ms
214 silly reify moves {}
215 timing reify:retireShallow Completed in 0ms
216 timing reify:rollback:createSparse Completed in 0ms
217 timing reify:rollback:retireShallow Completed in 0ms
218 timing command:install Completed in 2672ms
219 verbose stack Error: EACCES: permission denied, mkdir '/usr/local/lib/node_modules'
220 verbose cwd /home/ubuntu/nodejs-demo-app
221 verbose Linux 5.15.167.4-microsoft-standard-WSL2
222 verbose argv "/usr/bin/node" "/usr/bin/npm" "install" "-g" "ngrok"
223 verbose node v12.22.9
224 verbose npm  v8.5.1
225 error code EACCES
226 error syscall mkdir
227 error path /usr/local/lib/node_modules
228 error errno -13
229 error [Error: EACCES: permission denied, mkdir '/usr/local/lib/node_modules'] {
229 error   errno: -13,
229 error   code: 'EACCES',
229 error   syscall: 'mkdir',
229 error   path: '/usr/local/lib/node_modules'
229 error }
230 error
230 error The operation was rejected by your operating system.
230 error It is likely you do not have the permissions to access this file as the current user
230 error
230 error If you believe this might be a permissions issue, please double-check the
230 error permissions of the file and its containing directories, or try running
230 error the command again as root/Administrator.
231 verbose exit -13
232 timing npm Completed in 1391ms
233 verbose unfinished npm timer reify 1744020305907
234 verbose unfinished npm timer reify:createSparse 1744020308554
235 verbose code -13
236 error A complete log of this run can be found in:
236 error     /home/ubuntu/.npm/_logs/2025-04-07T10_05_07_192Z-debug-0.log
